<?xml version="1.0" encoding="UTF-8"?>
<testsuite name="LibraryTest" tests="2" skipped="1" failures="0" errors="0" timestamp="2018-07-09T08:08:21" hostname="XIAOLSON-CN" time="0.016">
  <properties/>
  <testcase name="testSomeLibraryMethod" classname="LibraryTest" time="0.001">
    <skipped/>
  </testcase>
  <testcase name="testCase001" classname="LibraryTest" time="0.01"/>
  <system-out><![CDATA[]]></system-out>
  <system-err><![CDATA[]]></system-err>
</testsuite>
